<?xml version="1.0" encoding="UTF-8"?>
<!-- Generated by org.testng.reporters.JUnitReportReporter -->
<testsuite skipped="0" hostname="user-PC" name="TestProductDetails" tests="3" failures="0" timestamp="03 abr 2019 06:52:47 GMT" time="34.332" errors="0">
  <testcase name="addOneToCart" time="16.236" classname="TestProductDetails"/>
  <testcase name="addDifferentProductToCart" time="9.125" classname="TestProductDetails"/>
  <testcase name="addMoreThanOneToCart" time="8.971" classname="TestProductDetails"/>
</testsuite> <!-- TestProductDetails -->
