<?xml version="1.0" encoding="UTF-8"?>
<!-- Generated by org.testng.reporters.JUnitReportReporter -->
<testsuite skipped="0" hostname="user-PC" name="ProductDetails" tests="1" failures="0" timestamp="13 mar 2019 09:33:21 GMT" time="7.349" errors="0">
  <testcase name="dummyTestCase" time="7.349" classname="ProductDetails"/>
</testsuite> <!-- ProductDetails -->
