<?xml version="1.0" encoding="UTF-8"?>
<!-- Generated by org.testng.reporters.JUnitReportReporter -->
<testsuite skipped="0" hostname="user-PC" name="TestProductDetails" tests="3" failures="0" timestamp="25 mar 2019 05:39:17 GMT" time="34.344" errors="0">
  <testcase name="addOneToCart" time="15.888" classname="TestProductDetails"/>
  <testcase name="addDifferentProductToCart" time="9.300" classname="TestProductDetails"/>
  <testcase name="addMoreThanOneToCart" time="9.156" classname="TestProductDetails"/>
</testsuite> <!-- TestProductDetails -->
