<?xml version="1.0" encoding="UTF-8"?>
<!-- Generated by org.testng.reporters.JUnitReportReporter -->
<testsuite skipped="0" hostname="user-PC" name="ProductDetails" tests="1" failures="0" timestamp="24 mar 2019 21:48:45 GMT" time="13.619" errors="0">
  <testcase name="seeProductDetails" time="13.619" classname="ProductDetails"/>
</testsuite> <!-- ProductDetails -->
