<?xml version="1.0" encoding="UTF-8"?>
<!-- Generated by org.testng.reporters.JUnitReportReporter -->
<testsuite skipped="0" hostname="user-PC" name="TestLogin" tests="3" failures="0" timestamp="03 abr 2019 06:52:47 GMT" time="22.330" errors="0">
  <testcase name="testLoginSuccessCase" time="11.590" classname="TestLogin"/>
  <testcase name="testLoginEmpty" time="2.754" classname="TestLogin"/>
  <testcase name="testLoginBadAccount" time="7.986" classname="TestLogin"/>
</testsuite> <!-- TestLogin -->
